\BOOKMARK [0][-]{摘要.0}{\376\377\144\130\211\201}{}% 1
\BOOKMARK [0][-]{ABSTRACT.0}{\376\377\000A\000B\000S\000T\000R\000A\000C\000T}{}% 2
\BOOKMARK [0][-]{目录.0}{\376\377\166\356\137\125}{}% 3
\BOOKMARK [0][-]{chapter.1}{\376\377\173\054\116\000\172\340\000\040\000\040\176\352\213\272}{}% 4
\BOOKMARK [1][-]{section.1.1}{\376\377\0001\000.\0001\000\040\170\024\172\166\200\314\146\157}{chapter.1}% 5
\BOOKMARK [1][-]{section.1.2}{\376\377\0001\000.\0002\000\040\126\375\121\205\131\026\170\024\172\166\163\260\162\266}{chapter.1}% 6
\BOOKMARK [1][-]{section.1.3}{\376\377\0001\000.\0003\000\040\147\054\145\207\166\204\116\073\211\201\135\345\117\134}{chapter.1}% 7
\BOOKMARK [1][-]{section.1.4}{\376\377\0001\000.\0004\000\040\147\054\145\207\166\204\176\304\176\307\176\323\147\204}{chapter.1}% 8
\BOOKMARK [0][-]{chapter.2}{\376\377\173\054\116\214\172\340\000\040\000\040\142\200\147\057\176\374\217\360}{}% 9
\BOOKMARK [1][-]{section.2.1}{\376\377\0002\000.\0001\000\040\122\115\172\357\137\000\123\321\142\200\147\057}{chapter.2}% 10
\BOOKMARK [1][-]{section.2.2}{\376\377\0002\000.\0002\000\040\124\016\172\357\137\000\123\321\142\200\147\057}{chapter.2}% 11
\BOOKMARK [1][-]{section.2.3}{\376\377\0002\000.\0003\000\040\145\160\143\156\143\001\116\105\123\026\142\200\147\057}{chapter.2}% 12
\BOOKMARK [1][-]{section.2.4}{\376\377\0002\000.\0004\000\040\000L\000a\000T\000e\000X\000\040\166\370\121\163\142\200\147\057}{chapter.2}% 13
\BOOKMARK [1][-]{section.2.5}{\376\377\0002\000.\0005\000\040\000A\000I\000\040\143\245\123\343\142\200\147\057}{chapter.2}% 14
\BOOKMARK [1][-]{section.2.6}{\376\377\0002\000.\0006\000\040\147\054\172\340\134\017\176\323}{chapter.2}% 15
\BOOKMARK [0][-]{chapter.3}{\376\377\173\054\116\011\172\340\000\040\000\040\174\373\176\337\227\000\154\102\122\006\147\220}{}% 16
\BOOKMARK [1][-]{section.3.1}{\376\377\0003\000.\0001\000\040\000L\000a\000T\000e\000X\000\040\117\177\165\050\163\260\162\266\123\312\225\356\230\230\122\006\147\220}{chapter.3}% 17
\BOOKMARK [1][-]{section.3.2}{\376\377\0003\000.\0002\000\040\174\373\176\337\140\073\117\123\227\000\154\102}{chapter.3}% 18
\BOOKMARK [1][-]{section.3.3}{\376\377\0003\000.\0003\000\040\122\237\200\375\140\047\227\000\154\102}{chapter.3}% 19
\BOOKMARK [2][-]{subsection.3.3.1}{\376\377\0003\000.\0003\000.\0001\000\040\165\050\142\067\173\241\164\006\152\041\127\127}{section.3.3}% 20
\BOOKMARK [2][-]{subsection.3.3.2}{\376\377\0003\000.\0003\000.\0002\000\040\213\272\145\207\230\171\166\356\173\241\164\006\152\041\127\127}{section.3.3}% 21
\BOOKMARK [2][-]{subsection.3.3.3}{\376\377\0003\000.\0003\000.\0003\000\040\152\041\147\177\173\241\164\006\152\041\127\127}{section.3.3}% 22
\BOOKMARK [2][-]{subsection.3.3.4}{\376\377\0003\000.\0003\000.\0004\000\040\000L\000a\000T\000e\000X\000\040\127\050\176\277\177\026\217\221\152\041\127\127}{section.3.3}% 23
\BOOKMARK [2][-]{subsection.3.3.5}{\376\377\0003\000.\0003\000.\0005\000\040\213\272\145\207\177\026\213\321\152\041\127\127}{section.3.3}% 24
\BOOKMARK [2][-]{subsection.3.3.6}{\376\377\0003\000.\0003\000.\0006\000\040\145\207\116\366\133\374\121\145\133\374\121\372\152\041\127\127\227\000\154\102}{section.3.3}% 25
\BOOKMARK [2][-]{subsection.3.3.7}{\376\377\0003\000.\0003\000.\0007\000\040\000A\000I\000\040\217\205\122\251\152\041\127\127}{section.3.3}% 26
\BOOKMARK [1][-]{section.3.4}{\376\377\0003\000.\0004\000\040\227\136\122\237\200\375\140\047\227\000\154\102}{chapter.3}% 27
\BOOKMARK [1][-]{section.3.5}{\376\377\0003\000.\0005\000\040\147\054\172\340\134\017\176\323}{chapter.3}% 28
\BOOKMARK [0][-]{chapter.4}{\376\377\173\054\126\333\172\340\000\040\000\040\174\373\176\337\151\202\211\201\213\276\213\241}{}% 29
\BOOKMARK [1][-]{section.4.1}{\376\377\0004\000.\0001\000\040\147\266\147\204\213\276\213\241}{chapter.4}% 30
\BOOKMARK [1][-]{section.4.2}{\376\377\0004\000.\0002\000\040\122\237\200\375\213\276\213\241}{chapter.4}% 31
\BOOKMARK [1][-]{section.4.3}{\376\377\0004\000.\0003\000\040\145\160\143\156\136\223\213\276\213\241}{chapter.4}% 32
\BOOKMARK [2][-]{subsection.4.3.1}{\376\377\0004\000.\0003