\BOOKMARK [0][-]{摘要.0}{\376\377\144\130\211\201}{}% 1
\BOOKMARK [0][-]{ABSTRACT.0}{\376\377\000A\000B\000S\000T\000R\000A\000C\000T}{}% 2
\BOOKMARK [0][-]{目录.0}{\376\377\166\356\137\125}{}% 3
\BOOKMARK [0][-]{chapter.1}{\376\377\173\054\116\000\172\340\000\040\000\040\176\352\213\272}{}% 4
\BOOKMARK [1][-]{section.1.1}{\376\377\0001\000.\0001\000\040\170\024\172\166\200\314\146\157\116\016\141\017\116\111}{chapter.1}% 5
\BOOKMARK [1][-]{section.1.2}{\376\377\0001\000.\0002\000\040\126\375\121\205\131\026\170\024\172\166\163\260\162\266}{chapter.1}% 6
\BOOKMARK [1][-]{section.1.3}{\376\377\0001\000.\0003\000\040\163\260\147\011\142\200\147\057\165\333\160\271\122\006\147\220}{chapter.1}% 7
\BOOKMARK [1][-]{section.1.4}{\376\377\0001\000.\0004\000\040\147\054\145\207\170\024\172\166\121\205\133\271\116\016\176\304\176\307\176\323\147\204}{chapter.1}% 8
\BOOKMARK [2][-]{subsection.1.4.1}{\376\377\0001\000.\0004\000.\0001\000\040\116\073\211\201\170\024\172\166\121\205\133\271}{section.1.4}% 9
\BOOKMARK [2][-]{subsection.1.4.2}{\376\377\0001\000.\0004\000.\0002\000\040\213\272\145\207\176\304\176\307\176\323\147\204}{section.1.4}% 10
\BOOKMARK [0][-]{chapter.2}{\376\377\173\054\116\214\172\340\000\040\000\040\166\370\121\163\142\200\147\057\176\374\217\360}{}% 11
\BOOKMARK [1][-]{section.2.1}{\376\377\0002\000.\0001\000\040\131\047\213\355\212\000\152\041\127\213\116\016\221\321\207\215\000A\000I\000\040\000A\000g\000e\000n\000t\164\006\213\272}{chapter.2}% 12
\BOOKMARK [1][-]{section.2.2}{\376\377\0002\000.\0002\000\040\000M\000C\000P\155\361\136\246\211\343\147\220}{chapter.2}% 13
\BOOKMARK [1][-]{section.2.3}{\376\377\0002\000.\0003\000\040\213\244\167\345\215\037\203\167\164\006\213\272\116\016\137\256\210\114\116\072\162\171\137\201\122\006\147\220}{chapter.2}% 14
\BOOKMARK [1][-]{section.2.4}{\376\377\0002\000.\0004\000\040\150\300\175\042\130\236\137\072\165\037\142\020\000\050\000R\000A\000G\000\051\116\016\167\345\213\306\136\223\147\204\136\372}{chapter.2}% 15
\BOOKMARK [1][-]{section.2.5}{\376\377\0002\000.\0005\000\040\215\350\136\163\123\360\137\000\123\321\116\016\137\002\153\145\177\026\143\222\142\200\147\057}{chapter.2}% 16
\BOOKMARK [1][-]{section.2.6}{\376\377\0002\000.\0006\000\040\147\054\172\340\134\017\176\323}{chapter.2}% 17
\BOOKMARK [0][-]{chapter.3}{\376\377\173\054\116\011\172\340\000\040\000\040\174\373\176\337\227\000\154\102\122\006\147\220\116\016\140\073\117\123\213\276\213\241}{}% 18
\BOOKMARK [1][-]{section.3.1}{\376\377\0003\000.\0001\000\040\174\373\176\337\116\032\122\241\227\000\154\102\122\006\147\220}{chapter.3}% 19
\BOOKMARK [1][-]{section.3.2}{\376\377\0003\000.\0002\000\040\000H\000I\000R\000D\174\373\176\337\140\073\117\123\147\266\147\204\213\276\213\241}{chapter.3}% 20
\BOOKMARK [2][-]{subsection.3.2.1}{\376\377\0003\000.\0002\000.\0001\000\040\147\266\147\204\134\102\176\247\133\232\116\111\116\016\213\276\213\241\164\006\137\365}{section.3.2}% 21
\BOOKMARK [2][-]{subsection.3.2.2}{\376\377\0003\000.\0002\000.\0002\000\040\134\102\225\364\145\160\143\156\155\101\217\154\116\016\123\117\117\134\147\072\122\066}{section.3.2}% 22
\BOOKMARK [2][-]{subsection.3.2.3}{\376\377\0003\000.\0002\000.\0003\000\040\147\054\172\340\124\016\176\355\121\205\133\271\166\204\213\272\217\360\203\003\126\364}{section.3.2}% 23
\BOOKMARK [1][-]{section.3.3}{\376\377\0003\000.\0003\000\040\141\037\167\345\226\306\142\020\134\102\377\010\000H\377\011\162\171\137\201\136\372\152\041}{chapter.3}% 24
\BOOKMARK [2][-]{subsection.3.3.1}{\376\377\0003\000.\0003\000.\0001\000\040\137\256\210\114\116\072\162\171\137\201\143\007\150\007\117\123\174\373}{section.3.3}% 25
\BOOKMARK [2][-]{subsection.3.3.2}{\376\377\0003\000.\0003\000.\0002\000\040\150\007\121\306\123\026\141\037\167\345\137\353\161\147\165\037\142\020\147\072\122\066}{section.3.3}% 26
\BOOKMARK [1][-]{section.3.4}{\376\377\0003\000.\0004\000\040\211\304\122\031\154\273\164\006\134\102\377\010\000R\377\011\121\263\173\126\173\227\154\325\213\276\213\241}{chapter.3}% 27
\BOOKMARK [2][-]{subsection.3.4.1}{\376\377\0003\000.\0004\000.\0001\000\040\122\250\140\001\147\103\221\315\214\003\145\164\147\072\122\066}{section.3.4}% 28
\BOOKMARK [2][-]{subsection.3.4.2}{\376\377\0003\000.\0004\000.\0002\000\040\147\000\176\310\230\316\226\151\213\304\122\006\152\041\127\213}{section.3.4}% 29
\BOOKMARK [2][-]{subsection.3.4.3}{\376\377\0003\000.\0004\000.\0003\000\040\122\006\176\247\154\273\164\006\116\016\116\272\135\345\131\015\150\070\215\357\165\061}{section.3.4}% 30
\BOOKMARK [1][-]{section.3.5}{\376\377\0003\000.\0005\000\040\147\054\172\340\134\017\176\323}{chapter.3}% 31
\BOOKMARK [0][-]{chapter.4}{\376\377\173\054\126\333\172\340\000\040\000\040\174\373\176\337\133\236\163\260\116\016\122\237\200\375\232\214\213\301}{}% 32
\BOOKMARK [1][-]{section.4.1}{\376\377\0004\000.\0001\000\040\174\373\176\337\137\000\123\321\163\257\130\203\116\016\142\200\147\057\150\010\220\011\127\213}{chapter.4}% 33
\BOOKMARK [2][-]{subsection.4.1.1}{\376\377\0004\000.\0001\000.\0001\000\040\174\373\176\337\137\000\123\321\163\257\130\203\221\115\177\156}{section.4.1}% 34
\BOOKMARK [2][-]{subsection.4.1.2}{\376\377\0004\000.\0001\000.\0002\000\040\150\070\137\303\142\200\147\057\150\010\220\011\127\213}{section.4.1}% 35
\BOOKMARK [1][-]{section.4.2}{\376\377\0004\000.\0002\000\040\127\372\116\216\000\040\000M\000C\000P\000\040\123\117\213\256\166\204\133\211\121\150\145\160\143\156\116\055\147\242\133\236\163\260}{chapter.4}% 36
\BOOKMARK [1][-]{section.4.3}{\376\377\0004\000.\0003\000\040\171\373\122\250\172\357\145\340\141\037\137\256\210\114\116\072\141\037\167\345\152\041\127\127\133\236\163\260}{chapter.4}% 37
\BOOKMARK [1][-]{section.4.4}{\376\377\0004\000.\0004\000\040\124\016\172\357\213\244\167\345\121\263\173\126\116\016\137\002\153\145\177\026\143\222\133\236\163\260}{chapter.4}% 38
\BOOKMARK [1][-]{section.4.5}{\376\377\0004\000.\0005\000\040\174\373\176\337\122\237\200\375\155\113\213\325\116\016\232\214\145\066\232\214\213\301}{chapter.4}% 39
\BOOKMARK [1][-]{section.4.6}{\376\377\0004\000.\0006\000\040\147\054\172\340\134\017\176\323}{chapter.4}% 40
\BOOKMARK [0][-]{chapter.5}{\376\377\173\054\116\224\172\340\000\040\000\040\133\236\232\214\155\113\213\325\116\016\122\006\147\220}{}% 41
\BOOKMARK [1][-]{section.5.1}{\376\377\0005\000.\0001\000\040\133\236\232\214\163\257\130\203\116\016\145\160\143\156\226\306\144\055\136\372}{chapter.5}% 42
\BOOKMARK [1][-]{section.5.2}{\376\377\0005\000.\0002\000\040\174\373\176\337\140\047\200\375\143\007\150\007\213\304\117\060}{chapter.5}% 43
\BOOKMARK [1][-]{section.5.3}{\376\377\0005\000.\0003\000\040\133\371\153\324\133\236\232\214}{chapter.5}% 44
\BOOKMARK [1][-]{section.5.4}{\376\377\0005\000.\0004\000\040\155\210\207\215\133\236\232\214}{chapter.5}% 45
\BOOKMARK [1][-]{section.5.5}{\376\377\0005\000.\0005\000\040\133\241\213\241\224\376\215\357\116\016\121\166\116\326\226\306\142\020\155\113\213\325}{chapter.5}% 46
\BOOKMARK [1][-]{section.5.6}{\376\377\0005\000.\0006\000\040\147\054\172\340\134\017\176\323}{chapter.5}% 47
\BOOKMARK [0][-]{chapter.6}{\376\377\173\054\121\155\172\340\000\040\000\040\176\323\213\272\116\016\134\125\147\033}{}% 48
\BOOKMARK [1][-]{section.6.1}{\376\377\0006\000.\0001\000\040\116\073\211\201\170\024\172\166\176\323\213\272}{chapter.6}% 49
\BOOKMARK [1][-]{section.6.2}{\376\377\0006\000.\0002\000\040\147\054\145\207\122\033\145\260\160\271\140\073\176\323}{chapter.6}% 50
\BOOKMARK [1][-]{section.6.3}{\376\377\0006\000.\0003\000\040\170\024\172\166\116\015\215\263\116\016\147\052\147\145\134\125\147\033}{chapter.6}% 51
\BOOKMARK [0][-]{section*.11}{\376\377\201\364\214\042}{}% 52
\BOOKMARK [0][-]{section*.13}{\376\377\123\302\200\003\145\207\163\056}{}% 53
