\BOOKMARK [0][-]{摘要.0}{\376\377\144\130\211\201}{}% 1
\BOOKMARK [0][-]{ABSTRACT.0}{\376\377\000A\000B\000S\000T\000R\000A\000C\000T}{}% 2
\BOOKMARK [0][-]{目录.0}{\376\377\166\356\137\125}{}% 3
\BOOKMARK [0][-]{chapter.1}{\376\377\173\054\116\000\172\340\000\040\000\040\176\352\213\272}{}% 4
\BOOKMARK [1][-]{section.1.1}{\376\377\0001\000.\0001\000\040\170\024\172\166\200\314\146\157\116\016\141\017\116\111}{chapter.1}% 5
\BOOKMARK [1][-]{section.1.2}{\376\377\0001\000.\0002\000\040\126\375\121\205\131\026\170\024\172\166\163\260\162\266}{chapter.1}% 6
\BOOKMARK [1][-]{section.1.3}{\376\377\0001\000.\0003\000\040\163\260\147\011\142\200\147\057\165\333\160\271\122\006\147\220}{chapter.1}% 7
\BOOKMARK [1][-]{section.1.4}{\376\377\0001\000.\0004\000\040\147\054\145\207\170\024\172\166\121\205\133\271\116\016\176\304\176\307\176\323\147\204}{chapter.1}% 8
\BOOKMARK [2][-]{subsection.1.4.1}{\376\377\0001\000.\0004\000.\0001\000\040\116\073\211\201\170\024\172\166\121\205\133\271}{section.1.4}% 9
\BOOKMARK [2][-]{subsection.1.4.2}{\376\377\0001\000.\0004\000.\0002\000\040\213\272\145\207\176\304\176\307\176\323\147\204}{section.1.4}% 10
\BOOKMARK [0][-]{chapter.2}{\376\377\173\054\116\214\172\340\000\040\000\040\166\370\121\163\142\200\147\057\176\374\217\360}{}% 11
\BOOKMARK [1][-]{section.2.1}{\376\377\0002\000.\0001\000\040\131\047\213\355\212\000\152\041\127\213\116\016\221\321\207\215\000A\000I\000\040\000A\000g\000e\000n\000t\164\006\213\272}{chapter.2}% 12
\BOOKMARK [1][-]{section.2.2}{\376\377\0002\000.\0002\000\040\000M\000C\000P\155\361\136\246\211\343\147\220}{chapter.2}% 13
\BOOKMARK [1][-]{section.2.3}{\376\377\0002\000.\0003\000\040\213\244\167\345\215\037\203\167\164\006\213\272\116\016\137\256\210\114\116\072\162\171\137\201\122\006\147\220}{chapter.2}% 14
\BOOKMARK [1][-]{section.2.4}{\376\377\0002\000.\0004\000\040\150\300\175\042\130\236\137\072\165\037\142\020\000\050\000R\000A\000G\000\051\116\016\167\345\213\306\136\223\147\204\136\372}{chapter.2}% 15
\BOOKMARK [1][-]{section.2.5}{\376\377\0002\000.\0005\000\040\215\350\136\163\123\360\137\000\123\321\116\016\137\002\153\145\177\026\143\222\142\200\147\057}{chapter.2}% 16
\BOOKMARK [1][-]{section.2.6}{\376\377\0002\000.\0006\000\040\147\054\172\340\134\017\176\323}{chapter.2}% 17
\BOOKMARK [0][-]{chapter.3}{\376\377\173\054\116\011\172\340\000\040\000\040\174\373\176\337\227\000\154\102\122\006\147\220\116\016\140\073\117\123\213\276\213\241}{}% 18
\BOOKMARK [1][-]{section.3.1}{\376\377\0003\000.\0001\000\040\174\373\176\337\116\032\122\241\227\000\154\102\122\006\147\220}{chapter.3}% 19
\BOOKMARK [1][-]{section.3.2}{\376\377\0003\000.\0002\000\040\000H\000I\000R\000D\174\373\176\337\140\073\117\123\147\266\147\204\213\276\213\241}{chapter.3}% 20
\BOOKMARK [2][-]{subsection.3.2.1}{\376\377\0003\000.\0002\000.\0001\000\040\147\266\147\204\134\102\176\247\133\232\116\111\116\016\213\276\213\241\164\006\137\365}{section.3.2}% 21
\BOOKMARK [2][-]{subsection.3.2.2}{\376\377\0003\000.\0002\000.\0002\000\040\134\102\225\364\145\160\143\156\155\101\217\154\116\016\123\117\117\134\147\072\122\066}{section.3.2}% 22
\BOOKMARK [2][-]{subsection.3.2.3}{\376\377\0003\000.\0002\000.\0003\000\040\147\054\172\340\124\016\176\355\121\205\133\271\166\204\213\272\217\360\203\003\126\364}{section.3.2}% 23
\BOOKMARK [1][-]{section.3.3}{\376\377\0003\000.\0003\000\040\141\037\167\345\226\306\142\020\134\102\377\010\000H\377\011\162\171\137\201\136\372\152\041}{chapter.3}% 24
\BOOKMARK [2][-]{subsection.3.3.1}{\376\377\0003\000.\0003\000.\0001\000\040\137\256\210\114\116\072\162\171\137\201\143\007\150\007\117\123\174\373}{section.3.3}% 25
\BOOKMARK [2][-]{subsection.3.3.2}{\376\377\0003\000.\0003\000.\0002\000\040\150\007\121\306\123\026\141\037\167\345\137\353\161\147\165\037\142\020\147\072\122\066}{section.3.3}% 26
\BOOKMARK [1][-]{section.3.4}{\376\377\0003\000.\0004\000\040\211\304\122\031\154\273\164\006\134\102\377\010\000R\377\011\121\263\173\126\173\227\154\325\213\276\213\241}{chapter.3}% 27
\BOOKMARK [2][-]{subsection.3.4.1}{\376\377\0003\000.\0004\000.\0001\0